<?xml version="1.0" encoding="UTF-8"?>
<!-- Generated by org.testng.reporters.JUnitReportReporter -->
<testsuite hostname="QT-INBG-LT1112" failures="0" tests="1" name="into.orders" time="8.878" errors="0" timestamp="2022-09-19T09:59:27 IST" skipped="0">
  <testcase classname="into.orders" name="setup" time="8.878"/>
  <system-out/>
</testsuite> <!-- into.orders -->
