<?xml version="1.0" encoding="UTF-8"?>
<!-- Generated by org.testng.reporters.JUnitReportReporter -->
<testsuite hostname="QT-INBG-LT1112" failures="0" tests="1" name="mobile_1.signup" time="6.716" errors="0" timestamp="2022-09-15T14:44:23 IST" skipped="0">
  <testcase classname="mobile_1.signup" name="register" time="6.716"/>
  <system-out/>
</testsuite> <!-- mobile_1.signup -->
