<?xml version="1.0" encoding="UTF-8"?>
<!-- Generated by org.testng.reporters.JUnitReportReporter -->
<testsuite hostname="QT-INBG-LT1112" failures="0" tests="1" name="mobile_1.signin" time="6.105" errors="0" timestamp="2022-09-15T14:42:09 IST" skipped="0">
  <testcase classname="mobile_1.signin" name="register" time="6.105"/>
  <system-out/>
</testsuite> <!-- mobile_1.signin -->
