<?xml version="1.0" encoding="UTF-8"?>
<!-- Generated by org.testng.reporters.JUnitReportReporter -->
<testsuite hostname="QT-INBG-LT1112" failures="0" tests="1" name="into.logins" time="10.359" errors="0" timestamp="2022-09-19T08:37:32 IST" skipped="0">
  <testcase classname="into.logins" name="setup" time="10.359"/>
  <system-out/>
</testsuite> <!-- into.logins -->
