<?xml version="1.0" encoding="UTF-8"?>
<!-- Generated by org.testng.reporters.JUnitReportReporter -->
<testsuite hostname="QT-INBG-LT1112" failures="0" tests="1" name="mobile_1.ordertesting$order" time="7.686" errors="0" timestamp="2022-09-19T10:09:20 IST" skipped="0">
  <testcase classname="mobile_1.ordertesting$order" name="register" time="7.686"/>
  <system-out/>
</testsuite> <!-- mobile_1.ordertesting$order -->
